TN:
SF:src\categories\application\controller\categories.controller.ts
FN:7,(anonymous_0)
FN:23,(anonymous_1)
FN:36,(anonymous_2)
FN:54,(anonymous_3)
FN:68,(anonymous_4)
FNF:5
FNH:5
FNDA:1,(anonymous_0)
FNDA:1,(anonymous_1)
FNDA:1,(anonymous_2)
FNDA:1,(anonymous_3)
FNDA:1,(anonymous_4)
DA:2,1
DA:5,1
DA:12,1
DA:13,1
DA:14,1
DA:15,0
DA:17,1
DA:19,0
DA:28,1
DA:29,1
DA:30,1
DA:32,0
DA:41,1
DA:43,1
DA:44,1
DA:45,1
DA:46,0
DA:48,1
DA:50,0
DA:59,1
DA:60,1
DA:61,1
DA:62,1
DA:64,0
DA:73,1
DA:74,1
DA:75,1
DA:76,1
DA:78,0
LF:29
LH:22
BRDA:14,0,0,0
BRDA:14,0,1,1
BRDA:45,1,0,0
BRDA:45,1,1,1
BRF:4
BRH:2
end_of_record
TN:
SF:src\order\application\controller\orders.controller.ts
FN:6,(anonymous_0)
FN:20,(anonymous_1)
FN:33,(anonymous_2)
FN:47,(anonymous_3)
FN:61,(anonymous_4)
FN:75,(anonymous_5)
FNF:6
FNH:5
FNDA:1,(anonymous_0)
FNDA:1,(anonymous_1)
FNDA:1,(anonymous_2)
FNDA:1,(anonymous_3)
FNDA:1,(anonymous_4)
FNDA:0,(anonymous_5)
DA:2,1
DA:5,1
DA:11,1
DA:12,1
DA:13,1
DA:14,1
DA:16,0
DA:25,1
DA:26,1
DA:27,1
DA:29,0
DA:38,1
DA:39,1
DA:40,1
DA:41,1
DA:43,0
DA:52,1
DA:53,1
DA:54,1
DA:55,1
DA:57,0
DA:66,1
DA:67,1
DA:68,1
DA:69,1
DA:71,0
DA:80,0
DA:81,0
DA:82,0
DA:85,0
DA:86,0
DA:88,0
DA:90,0
LF:33
LH:21
BRDA:85,0,0,0
BRDA:85,0,1,0
BRF:2
BRH:0
end_of_record
TN:
SF:src\product\application\controller\product.controller.ts
FN:7,(anonymous_0)
FN:24,(anonymous_1)
FN:37,(anonymous_2)
FN:51,(anonymous_3)
FN:84,(anonymous_4)
FNF:5
FNH:5
FNDA:1,(anonymous_0)
FNDA:1,(anonymous_1)
FNDA:1,(anonymous_2)
FNDA:1,(anonymous_3)
FNDA:1,(anonymous_4)
DA:2,1
DA:5,1
DA:12,1
DA:13,1
DA:14,1
DA:15,1
DA:16,0
DA:18,1
DA:20,0
DA:29,1
DA:30,1
DA:31,1
DA:33,0
DA:42,1
DA:43,1
DA:44,1
DA:45,1
DA:47,0
DA:56,1
DA:57,1
DA:58,1
DA:59,1
DA:61,1
DA:63,1
DA:68,1
DA:69,0
DA:71,1
DA:80,0
DA:89,1
DA:90,1
DA:91,1
DA:92,1
DA:94,0
LF:33
LH:26
BRDA:15,0,0,0
BRDA:15,0,1,1
BRDA:57,1,0,1
BRDA:57,1,1,0
BRDA:58,2,0,1
BRDA:58,2,1,0
BRDA:59,3,0,1
BRDA:59,3,1,1
BRDA:68,4,0,0
BRDA:68,4,1,1
BRF:10
BRH:6
end_of_record
TN:
SF:src\shipments\application\controller\shipment.controller.ts
FN:11,(anonymous_0)
FN:29,(anonymous_1)
FN:42,(anonymous_2)
FN:56,(anonymous_3)
FN:73,(anonymous_4)
FNF:5
FNH:5
FNDA:1,(anonymous_0)
FNDA:1,(anonymous_1)
FNDA:1,(anonymous_2)
FNDA:1,(anonymous_3)
FNDA:1,(anonymous_4)
DA:2,1
DA:9,1
DA:16,1
DA:17,1
DA:19,1
DA:20,1
DA:21,0
DA:23,1
DA:25,0
DA:34,1
DA:35,1
DA:36,1
DA:38,0
DA:47,1
DA:48,1
DA:49,1
DA:50,1
DA:52,0
DA:61,1
DA:62,1
DA:63,1
DA:64,0
DA:66,1
DA:68,0
DA:78,1
DA:79,1
DA:80,1
DA:81,1
DA:83,0
LF:29
LH:22
BRDA:20,0,0,0
BRDA:20,0,1,1
BRDA:63,1,0,0
BRDA:63,1,1,1
BRF:4
BRH:2
end_of_record
TN:
SF:src\user\application\controller\users.controller.ts
FN:6,(anonymous_0)
FN:20,(anonymous_1)
FN:33,(anonymous_2)
FN:47,(anonymous_3)
FN:62,(anonymous_4)
FNF:5
FNH:4
FNDA:1,(anonymous_0)
FNDA:1,(anonymous_1)
FNDA:1,(anonymous_2)
FNDA:1,(anonymous_3)
FNDA:0,(anonymous_4)
DA:2,1
DA:5,1
DA:11,1
DA:12,1
DA:13,1
DA:14,1
DA:16,0
DA:25,1
DA:26,1
DA:27,1
DA:29,0
DA:38,1
DA:39,1
DA:40,1
DA:41,1
DA:43,0
DA:52,1
DA:53,1
DA:56,1
DA:58,0
DA:67,0
DA:68,0
DA:71,0
DA:73,0
LF:24
LH:16
BRF:0
BRH:0
end_of_record
